<?xml version="1.0" encoding="UTF-8"?>
<!-- Generated by org.testng.reporters.JUnitXMLReporter -->
<testsuite ignored="2" hostname="IN3320650W2" failures="0" tests="4" name="TestCases" time="219.634" errors="0" timestamp="2022-12-20T16:28:59 IST">
  <testcase classname="Testcases.VerifyLogin_Functionality" name="verifyLoginFunctionality" time="15.951"/>
  <testcase classname="Testcases.Verify_Dateformat" name="Verify_Dateformat" time="30.491"/>
  <testcase classname="Testcases.Verify_FlightData" name="Verify_FlightInformation" time="21.237"/>
  <testcase classname="Testcases.Verify_FlightData" name="Verify_FlightDetails" time="57.983"/>
  <testcase classname="Reusables.BaseTest" name="@BeforeTest setup" time="0.0">
    <ignored/>
  </testcase> <!-- @BeforeTest setup -->
  <testcase classname="Reusables.BaseTest" name="@BeforeTest setup" time="0.0">
    <ignored/>
  </testcase> <!-- @BeforeTest setup -->
</testsuite> <!-- TestCases -->
